0 info it worked if it ends with ok
1 verbose cli [ '/usr/local/bin/node',
1 verbose cli   '/usr/local/bin/npm',
1 verbose cli   'install',
1 verbose cli   '0g',
1 verbose cli   'browserify',
1 verbose cli   'watchify' ]
2 info using npm@1.4.28
3 info using node@v0.10.32
4 warn package.json browserify-seed@0.3.2 No repository field.
5 verbose readDependencies using package.json deps
6 verbose cache add [ '0g', null ]
7 verbose cache add name=undefined spec="0g" args=["0g",null]
8 verbose parsed url { protocol: null,
8 verbose parsed url   slashes: null,
8 verbose parsed url   auth: null,
8 verbose parsed url   host: null,
8 verbose parsed url   port: null,
8 verbose parsed url   hostname: null,
8 verbose parsed url   hash: null,
8 verbose parsed url   search: null,
8 verbose parsed url   query: null,
8 verbose parsed url   pathname: '0g',
8 verbose parsed url   path: '0g',
8 verbose parsed url   href: '0g' }
9 verbose cache add [ 'browserify@^6.2.0', null ]
10 verbose cache add name=undefined spec="browserify@^6.2.0" args=["browserify@^6.2.0",null]
11 verbose parsed url { protocol: null,
11 verbose parsed url   slashes: null,
11 verbose parsed url   auth: null,
11 verbose parsed url   host: null,
11 verbose parsed url   port: null,
11 verbose parsed url   hostname: null,
11 verbose parsed url   hash: null,
11 verbose parsed url   search: null,
11 verbose parsed url   query: null,
11 verbose parsed url   pathname: 'browserify@^6.2.0',
11 verbose parsed url   path: 'browserify@^6.2.0',
11 verbose parsed url   href: 'browserify@^6.2.0' }
12 verbose cache add [ 'watchify@^2.0.0', null ]
13 verbose cache add name=undefined spec="watchify@^2.0.0" args=["watchify@^2.0.0",null]
14 verbose parsed url { protocol: null,
14 verbose parsed url   slashes: null,
14 verbose parsed url   auth: null,
14 verbose parsed url   host: null,
14 verbose parsed url   port: null,
14 verbose parsed url   hostname: null,
14 verbose parsed url   hash: null,
14 verbose parsed url   search: null,
14 verbose parsed url   query: null,
14 verbose parsed url   pathname: 'watchify@^2.0.0',
14 verbose parsed url   path: 'watchify@^2.0.0',
14 verbose parsed url   href: 'watchify@^2.0.0' }
15 verbose cache add name="browserify" spec="^6.2.0" args=["browserify","^6.2.0"]
16 verbose parsed url { protocol: null,
16 verbose parsed url   slashes: null,
16 verbose parsed url   auth: null,
16 verbose parsed url   host: null,
16 verbose parsed url   port: null,
16 verbose parsed url   hostname: null,
16 verbose parsed url   hash: null,
16 verbose parsed url   search: null,
16 verbose parsed url   query: null,
16 verbose parsed url   pathname: '^6.2.0',
16 verbose parsed url   path: '^6.2.0',
16 verbose parsed url   href: '^6.2.0' }
17 verbose addNamed [ 'browserify', '^6.2.0' ]
18 verbose addNamed [ null, '>=6.2.0-0 <7.0.0-0' ]
19 verbose cache add name="watchify" spec="^2.0.0" args=["watchify","^2.0.0"]
20 verbose parsed url { protocol: null,
20 verbose parsed url   slashes: null,
20 verbose parsed url   auth: null,
20 verbose parsed url   host: null,
20 verbose parsed url   port: null,
20 verbose parsed url   hostname: null,
20 verbose parsed url   hash: null,
20 verbose parsed url   search: null,
20 verbose parsed url   query: null,
20 verbose parsed url   pathname: '^2.0.0',
20 verbose parsed url   path: '^2.0.0',
20 verbose parsed url   href: '^2.0.0' }
21 verbose addNamed [ 'watchify', '^2.0.0' ]
22 verbose addNamed [ null, '>=2.0.0-0 <3.0.0-0' ]
23 silly lockFile 4a2e774f-0g 0g
24 verbose lock 0g /Users/jamesferguson/.npm/4a2e774f-0g.lock
25 silly lockFile 306ae079-browserify-6-2-0 browserify@^6.2.0
26 verbose lock browserify@^6.2.0 /Users/jamesferguson/.npm/306ae079-browserify-6-2-0.lock
27 silly lockFile ce68901c-watchify-2-0-0 watchify@^2.0.0
28 verbose lock watchify@^2.0.0 /Users/jamesferguson/.npm/ce68901c-watchify-2-0-0.lock
29 silly lockFile 4a2e774f-0g 0g
30 silly lockFile 4a2e774f-0g 0g
31 silly addNameRange { name: 'browserify',
31 silly addNameRange   range: '>=6.2.0-0 <7.0.0-0',
31 silly addNameRange   hasData: false }
32 silly addNameRange { name: 'watchify', range: '>=2.0.0-0 <3.0.0-0', hasData: false }
33 verbose addNamed [ '0g', '' ]
34 verbose addNamed [ null, '*' ]
35 silly lockFile 24a64f23-0g 0g@
36 verbose lock 0g@ /Users/jamesferguson/.npm/24a64f23-0g.lock
37 silly addNameRange { name: '0g', range: '*', hasData: false }
38 verbose request where is /0g
39 verbose request registry https://registry.npmjs.org/
40 verbose request id 18ec4f71e5a95a03
41 verbose url raw /0g
42 verbose url resolving [ 'https://registry.npmjs.org/', './0g' ]
43 verbose url resolved https://registry.npmjs.org/0g
44 verbose request where is https://registry.npmjs.org/0g
45 info trying registry request attempt 1 at 17:50:45
46 http GET https://registry.npmjs.org/0g
47 verbose request where is /watchify
48 verbose request registry https://registry.npmjs.org/
49 verbose url raw /watchify
50 verbose url resolving [ 'https://registry.npmjs.org/', './watchify' ]
51 verbose url resolved https://registry.npmjs.org/watchify
52 verbose request where is https://registry.npmjs.org/watchify
53 info trying registry request attempt 1 at 17:50:46
54 verbose etag "5N7B3JHNDQVN04PW5ZA502ZMP"
55 http GET https://registry.npmjs.org/watchify
56 info retry will retry, error on last attempt: Error: getaddrinfo ENOTFOUND
57 info retry will retry, error on last attempt: Error: getaddrinfo ENOTFOUND
58 verbose request where is /browserify
59 verbose request registry https://registry.npmjs.org/
60 verbose url raw /browserify
61 verbose url resolving [ 'https://registry.npmjs.org/', './browserify' ]
62 verbose url resolved https://registry.npmjs.org/browserify
63 verbose request where is https://registry.npmjs.org/browserify
64 info trying registry request attempt 1 at 17:50:46
65 verbose etag "1MA61M09IKEP66N6Q7T28Q7VH"
66 http GET https://registry.npmjs.org/browserify
67 info retry will retry, error on last attempt: Error: getaddrinfo ENOTFOUND
68 info trying registry request attempt 2 at 17:50:56
69 http GET https://registry.npmjs.org/0g
70 info trying registry request attempt 2 at 17:50:56
71 verbose etag "5N7B3JHNDQVN04PW5ZA502ZMP"
72 http GET https://registry.npmjs.org/watchify
73 info retry will retry, error on last attempt: Error: getaddrinfo ENOTFOUND
74 info retry will retry, error on last attempt: Error: getaddrinfo ENOTFOUND
75 info trying registry request attempt 2 at 17:50:56
76 verbose etag "1MA61M09IKEP66N6Q7T28Q7VH"
77 http GET https://registry.npmjs.org/browserify
78 info retry will retry, error on last attempt: Error: getaddrinfo ENOTFOUND
79 info trying registry request attempt 3 at 17:51:56
80 http GET https://registry.npmjs.org/0g
81 info trying registry request attempt 3 at 17:51:56
82 verbose etag "5N7B3JHNDQVN04PW5ZA502ZMP"
83 http GET https://registry.npmjs.org/watchify
84 silly lockFile 24a64f23-0g 0g@
85 silly lockFile 24a64f23-0g 0g@
86 silly registry.get cb [ 304, undefined ]
87 verbose etag https://registry.npmjs.org/watchify from cache
88 silly addNameRange number 2 { name: 'watchify', range: '>=2.0.0-0 <3.0.0-0', hasData: true }
89 silly addNameRange versions [ 'watchify',
89 silly addNameRange   [ '0.0.0',
89 silly addNameRange     '0.0.1',
89 silly addNameRange     '0.1.0',
89 silly addNameRange     '0.2.0',
89 silly addNameRange     '0.3.0',
89 silly addNameRange     '0.4.0',
89 silly addNameRange     '0.4.1',
89 silly addNameRange     '0.5.0',
89 silly addNameRange     '0.5.1',
89 silly addNameRange     '0.5.2',
89 silly addNameRange     '0.5.3',
89 silly addNameRange     '0.5.4',
89 silly addNameRange     '0.5.5',
89 silly addNameRange     '0.5.6',
89 silly addNameRange     '0.6.0',
89 silly addNameRange     '0.6.1',
89 silly addNameRange     '0.6.2',
89 silly addNameRange     '0.6.3',
89 silly addNameRange     '0.6.4',
89 silly addNameRange     '0.7.0',
89 silly addNameRange     '0.7.1',
89 silly addNameRange     '0.7.2',
89 silly addNameRange     '0.8.0',
89 silly addNameRange     '0.8.1',
89 silly addNameRange     '0.8.2',
89 silly addNameRange     '0.8.3',
89 silly addNameRange     '0.9.0',
89 silly addNameRange     '0.10.0',
89 silly addNameRange     '0.10.1',
89 silly addNameRange     '0.10.2',
89 silly addNameRange     '1.0.0',
89 silly addNameRange     '1.0.1',
89 silly addNameRange     '1.0.2',
89 silly addNameRange     '1.0.3',
89 silly addNameRange     '1.0.4',
89 silly addNameRange     '1.0.5',
89 silly addNameRange     '1.0.6',
89 silly addNameRange     '2.0.0',
89 silly addNameRange     '2.1.0',
89 silly addNameRange     '2.1.1' ] ]
90 verbose addNamed [ 'watchify', '2.1.1' ]
91 verbose addNamed [ '2.1.1', '2.1.1' ]
92 silly lockFile 1e3dcc9b-watchify-2-1-1 watchify@2.1.1
93 verbose lock watchify@2.1.1 /Users/jamesferguson/.npm/1e3dcc9b-watchify-2-1-1.lock
94 silly lockFile 1e3dcc9b-watchify-2-1-1 watchify@2.1.1
95 silly lockFile 1e3dcc9b-watchify-2-1-1 watchify@2.1.1
96 silly lockFile ce68901c-watchify-2-0-0 watchify@^2.0.0
97 silly lockFile ce68901c-watchify-2-0-0 watchify@^2.0.0
98 info trying registry request attempt 3 at 17:51:56
99 verbose etag "1MA61M09IKEP66N6Q7T28Q7VH"
100 http GET https://registry.npmjs.org/browserify
101 silly registry.get cb [ 304, undefined ]
102 verbose etag https://registry.npmjs.org/browserify from cache
103 silly addNameRange number 2 { name: 'browserify',
103 silly addNameRange   range: '>=6.2.0-0 <7.0.0-0',
103 silly addNameRange   hasData: true }
104 silly addNameRange versions [ 'browserify',
104 silly addNameRange   [ '0.0.1',
104 silly addNameRange     '0.0.2',
104 silly addNameRange     '0.0.3',
104 silly addNameRange     '0.0.4',
104 silly addNameRange     '0.0.5',
104 silly addNameRange     '0.1.0',
104 silly addNameRange     '0.1.1',
104 silly addNameRange     '0.1.2',
104 silly addNameRange     '0.1.3',
104 silly addNameRange     '0.1.4',
104 silly addNameRange     '0.1.5',
104 silly addNameRange     '0.2.0',
104 silly addNameRange     '0.2.1',
104 silly addNameRange     '0.2.2',
104 silly addNameRange     '0.2.3',
104 silly addNameRange     '0.2.4',
104 silly addNameRange     '0.2.5',
104 silly addNameRange     '0.2.6',
104 silly addNameRange     '0.2.7',
104 silly addNameRange     '0.2.8',
104 silly addNameRange     '0.2.9',
104 silly addNameRange     '0.2.10',
104 silly addNameRange     '0.2.11',
104 silly addNameRange     '0.3.0',
104 silly addNameRange     '0.3.1',
104 silly addNameRange     '0.3.2',
104 silly addNameRange     '0.3.3',
104 silly addNameRange     '0.3.4',
104 silly addNameRange     '0.3.5',
104 silly addNameRange     '0.3.6',
104 silly addNameRange     '0.3.7',
104 silly addNameRange     '0.4.0',
104 silly addNameRange     '0.4.1',
104 silly addNameRange     '0.4.2',
104 silly addNameRange     '0.4.3',
104 silly addNameRange     '0.4.4',
104 silly addNameRange     '0.4.5',
104 silly addNameRange     '0.4.6',
104 silly addNameRange     '0.4.7',
104 silly addNameRange     '0.4.8',
104 silly addNameRange     '0.4.9',
104 silly addNameRange     '0.4.10',
104 silly addNameRange     '0.4.11',
104 silly addNameRange     '0.4.12',
104 silly addNameRange     '0.4.13',
104 silly addNameRange     '0.4.14',
104 silly addNameRange     '0.4.15',
104 silly addNameRange     '0.5.0',
104 silly addNameRange     '0.5.1',
104 silly addNameRange     '0.5.2',
104 silly addNameRange     '1.0.0',
104 silly addNameRange     '1.1.0',
104 silly addNameRange     '1.1.1',
104 silly addNameRange     '1.1.2',
104 silly addNameRange     '1.1.3',
104 silly addNameRange     '1.1.4',
104 silly addNameRange     '1.2.0',
104 silly addNameRange     '1.2.1',
104 silly addNameRange     '1.2.2',
104 silly addNameRange     '1.2.3',
104 silly addNameRange     '1.2.4',
104 silly addNameRange     '1.2.5',
104 silly addNameRange     '1.2.6',
104 silly addNameRange     '1.2.7',
104 silly addNameRange     '1.2.8',
104 silly addNameRange     '1.2.9',
104 silly addNameRange     '1.3.0',
104 silly addNameRange     '1.4.0',
104 silly addNameRange     '1.4.1',
104 silly addNameRange     '1.4.2',
104 silly addNameRange     '1.4.3',
104 silly addNameRange     '1.4.4',
104 silly addNameRange     '1.4.5',
104 silly addNameRange     '1.4.6',
104 silly addNameRange     '1.4.7',
104 silly addNameRange     '1.4.8',
104 silly addNameRange     '1.5.0',
104 silly addNameRange     '1.6.0',
104 silly addNameRange     '1.6.1',
104 silly addNameRange     '1.7.0',
104 silly addNameRange     '1.7.1',
104 silly addNameRange     '1.7.2',
104 silly addNameRange     '1.7.3',
104 silly addNameRange     '1.7.4',
104 silly addNameRange     '1.7.5',
104 silly addNameRange     '1.7.6',
104 silly addNameRange     '1.7.7',
104 silly addNameRange     '1.8.0',
104 silly addNameRange     '1.8.1',
104 silly addNameRange     '1.8.2',
104 silly addNameRange     '1.8.3',
104 silly addNameRange     '1.9.0',
104 silly addNameRange     '1.9.1',
104 silly addNameRange     '1.9.2',
104 silly addNameRange     '1.9.3',
104 silly addNameRange     '1.9.4',
104 silly addNameRange     '1.10.0',
104 silly addNameRange     '1.10.1',
104 silly addNameRange     '1.10.2',
104 silly addNameRange     '1.10.3',
104 silly addNameRange     '1.10.4',
104 silly addNameRange     '1.10.5',
104 silly addNameRange     '1.10.6',
104 silly addNameRange     '1.10.7',
104 silly addNameRange     '1.10.8',
104 silly addNameRange     '1.10.9',
104 silly addNameRange     '1.10.11',
104 silly addNameRange     '1.10.12',
104 silly addNameRange     '1.10.13',
104 silly addNameRange     '1.10.14',
104 silly addNameRange     '1.10.15',
104 silly addNameRange     '1.10.16',
104 silly addNameRange     '1.10.17',
104 silly addNameRange     '1.11.0',
104 silly addNameRange     '1.11.1',
104 silly addNameRange     '1.12.0',
104 silly addNameRange     '1.12.1',
104 silly addNameRange     '1.12.2',
104 silly addNameRange     '1.12.3',
104 silly addNameRange     '1.13.0',
104 silly addNameRange     '1.13.1',
104 silly addNameRange     '1.13.2',
104 silly addNameRange     '1.13.3',
104 silly addNameRange     '1.13.4',
104 silly addNameRange     '1.13.5',
104 silly addNameRange     '1.13.6',
104 silly addNameRange     '1.13.8',
104 silly addNameRange     '1.13.9',
104 silly addNameRange     '1.13.10',
104 silly addNameRange     '1.14.0',
104 silly addNameRange     '1.14.1',
104 silly addNameRange     '1.14.2',
104 silly addNameRange     '1.14.3',
104 silly addNameRange     '1.14.4',
104 silly addNameRange     '1.14.5',
104 silly addNameRange     '1.15.0',
104 silly addNameRange     '1.15.1',
104 silly addNameRange     '1.15.2',
104 silly addNameRange     '1.15.3',
104 silly addNameRange     '1.15.4',
104 silly addNameRange     '1.15.5',
104 silly addNameRange     '1.15.6',
104 silly addNameRange     '1.16.0',
104 silly addNameRange     '1.16.1',
104 silly addNameRange     '1.16.2',
104 silly addNameRange     '1.16.3',
104 silly addNameRange     '1.16.4',
104 silly addNameRange     '1.16.5',
104 silly addNameRange     '1.16.6',
104 silly addNameRange     '1.16.7',
104 silly addNameRange     '1.16.8',
104 silly addNameRange     '1.17.0',
104 silly addNameRange     '1.17.1',
104 silly addNameRange     '1.17.2',
104 silly addNameRange     '1.17.3',
104 silly addNameRange     '1.18.0',
104 silly addNameRange     '2.0.0',
104 silly addNameRange     '2.0.1',
104 silly addNameRange     '2.1.0',
104 silly addNameRange     '2.2.0',
104 silly addNameRange     '2.2.1',
104 silly addNameRange     '2.2.2',
104 silly addNameRange     '2.2.3',
104 silly addNameRange     '2.2.4',
104 silly addNameRange     '2.2.5',
104 silly addNameRange     '2.2.6',
104 silly addNameRange     '2.3.0',
104 silly addNameRange     '2.3.1',
104 silly addNameRange     '2.4.0',
104 silly addNameRange     '2.4.1',
104 silly addNameRange     '2.4.2',
104 silly addNameRange     '2.4.3',
104 silly addNameRange     '2.5.0',
104 silly addNameRange     '2.5.1',
104 silly addNameRange     '2.6.0',
104 silly addNameRange     '2.6.1',
104 silly addNameRange     '2.7.0',
104 silly addNameRange     '2.7.1',
104 silly addNameRange     '2.7.2',
104 silly addNameRange     '2.7.3',
104 silly addNameRange     '2.7.4',
104 silly addNameRange     '2.8.0',
104 silly addNameRange     '2.8.1',
104 silly addNameRange     '2.9.0',
104 silly addNameRange     '2.10.0',
104 silly addNameRange     '2.10.1',
104 silly addNameRange     '2.10.2',
104 silly addNameRange     '2.11.0',
104 silly addNameRange     '2.12.0',
104 silly addNameRange     '2.12.1',
104 silly addNameRange     '2.12.2',
104 silly addNameRange     '2.12.3',
104 silly addNameRange     '2.12.4',
104 silly addNameRange     '2.12.5',
104 silly addNameRange     '2.13.0',
104 silly addNameRange     '2.13.1',
104 silly addNameRange     '2.13.2',
104 silly addNameRange     '2.13.3',
104 silly addNameRange     '2.14.0',
104 silly addNameRange     '2.14.1',
104 silly addNameRange     '2.14.2',
104 silly addNameRange     '2.15.0',
104 silly addNameRange     '2.16.0',
104 silly addNameRange     '2.17.0',
104 silly addNameRange     '2.17.1',
104 silly addNameRange     '2.17.2',
104 silly addNameRange     '2.17.3',
104 silly addNameRange     '2.17.4',
104 silly addNameRange     '2.18.0',
104 silly addNameRange     '2.18.1',
104 silly addNameRange     '2.19.0',
104 silly addNameRange     '2.20.0',
104 silly addNameRange     '2.20.1',
104 silly addNameRange     '2.20.2',
104 silly addNameRange     '2.21.0',
104 silly addNameRange     '2.22.0',
104 silly addNameRange     '2.23.0',
104 silly addNameRange     '2.23.1',
104 silly addNameRange     '2.24.0',
104 silly addNameRange     '2.24.1',
104 silly addNameRange     '2.24.2',
104 silly addNameRange     '2.24.3',
104 silly addNameRange     '2.25.0',
104 silly addNameRange     '2.25.1',
104 silly addNameRange     '2.26.0',
104 silly addNameRange     '2.27.0',
104 silly addNameRange     '2.27.1',
104 silly addNameRange     '2.28.0',
104 silly addNameRange     '2.29.0',
104 silly addNameRange     '2.29.1',
104 silly addNameRange     '2.30.0',
104 silly addNameRange     '2.31.0',
104 silly addNameRange     '2.32.0',
104 silly addNameRange     '2.32.1',
104 silly addNameRange     '2.32.2',
104 silly addNameRange     '2.32.3',
104 silly addNameRange     '2.32.4',
104 silly addNameRange     '2.33.0',
104 silly addNameRange     '2.33.1',
104 silly addNameRange     '2.34.0',
104 silly addNameRange     '2.34.1',
104 silly addNameRange     '2.34.2',
104 silly addNameRange     '2.34.3',
104 silly addNameRange     '2.35.0',
104 silly addNameRange     '2.35.1',
104 silly addNameRange     '2.35.2',
104 silly addNameRange     '2.35.3',
104 silly addNameRange     '2.35.4',
104 silly addNameRange     '2.36.0',
104 silly addNameRange     '2.36.1',
104 silly addNameRange     '3.0.0',
104 silly addNameRange     '3.1.0',
104 silly addNameRange     '3.1.1',
104 silly addNameRange     '3.1.2',
104 silly addNameRange     '3.1.3',
104 silly addNameRange     '3.2.0',
104 silly addNameRange     '3.2.1',
104 silly addNameRange     '3.2.2',
104 silly addNameRange     '3.3.0',
104 silly addNameRange     '3.4.0',
104 silly addNameRange     '3.4.1',
104 silly addNameRange     '3.5.0',
104 silly addNameRange     '3.6.0',
104 silly addNameRange     '3.7.0',
104 silly addNameRange     '3.8.0',
104 silly addNameRange     '3.8.1',
104 silly addNameRange     '3.9.0',
104 silly addNameRange     '3.9.1',
104 silly addNameRange     '3.10.0',
104 silly addNameRange     '3.11.0',
104 silly addNameRange     '3.11.1',
104 silly addNameRange     '3.12.0',
104 silly addNameRange     '3.13.0',
104 silly addNameRange     '3.14.0',
104 silly addNameRange     '3.14.1',
104 silly addNameRange     '3.16.0',
104 silly addNameRange     '3.16.1',
104 silly addNameRange     '3.17.0',
104 silly addNameRange     '3.18.0',
104 silly addNameRange     '3.19.0',
104 silly addNameRange     '3.19.1',
104 silly addNameRange     '3.20.0',
104 silly addNameRange     '3.20.1',
104 silly addNameRange     '3.20.2',
104 silly addNameRange     '3.21.0',
104 silly addNameRange     '3.21.1',
104 silly addNameRange     '3.22.0',
104 silly addNameRange     '3.22.1',
104 silly addNameRange     '3.23.0',
104 silly addNameRange     '3.23.1',
104 silly addNameRange     '3.24.0',
104 silly addNameRange     '3.24.1',
104 silly addNameRange     '3.24.2',
104 silly addNameRange     '3.24.3',
104 silly addNameRange     '3.24.4',
104 silly addNameRange     '3.24.5',
104 silly addNameRange     '3.24.6',
104 silly addNameRange     '3.24.7',
104 silly addNameRange     '3.24.8',
104 silly addNameRange     '3.24.9',
104 silly addNameRange     '3.24.10',
104 silly addNameRange     '3.24.11',
104 silly addNameRange     '3.24.13',
104 silly addNameRange     '3.25.0',
104 silly addNameRange     '3.25.1',
104 silly addNameRange     '3.25.2',
104 silly addNameRange     '3.26.0',
104 silly addNameRange     '3.27.0',
104 silly addNameRange     '3.27.1',
104 silly addNameRange     '3.28.0',
104 silly addNameRange     '3.28.1',
104 silly addNameRange     '3.28.2',
104 silly addNameRange     '3.29.0',
104 silly addNameRange     '3.29.1',
104 silly addNameRange     '3.30.0',
104 silly addNameRange     '3.30.1',
104 silly addNameRange     '3.30.2',
104 silly addNameRange     '3.30.3',
104 silly addNameRange     '3.30.4',
104 silly addNameRange     '3.31.0',
104 silly addNameRange     '3.31.1',
104 silly addNameRange     '3.31.2',
104 silly addNameRange     '3.32.0',
104 silly addNameRange     '3.32.1',
104 silly addNameRange     '3.33.0',
104 silly addNameRange     '3.33.1',
104 silly addNameRange     '3.34.0',
104 silly addNameRange     '3.35.0',
104 silly addNameRange     '3.36.0',
104 silly addNameRange     '3.36.1',
104 silly addNameRange     '3.37.0',
104 silly addNameRange     '3.37.1',
104 silly addNameRange     '3.37.2',
104 silly addNameRange     '3.38.0',
104 silly addNameRange     '3.38.1',
104 silly addNameRange     '3.39.0',
104 silly addNameRange     '3.40.0',
104 silly addNameRange     '3.40.1',
104 silly addNameRange     '3.40.2',
104 silly addNameRange     '3.40.3',
104 silly addNameRange     '3.40.4',
104 silly addNameRange     '3.41.0',
104 silly addNameRange     '3.42.0',
104 silly addNameRange     '3.43.0',
104 silly addNameRange     '3.44.0',
104 silly addNameRange     '3.44.1',
104 silly addNameRange     '3.44.2',
104 silly addNameRange     '3.45.0',
104 silly addNameRange     '3.46.0',
104 silly addNameRange     '3.46.1',
104 silly addNameRange     '4.0.0',
104 silly addNameRange     '4.1.0',
104 silly addNameRange     '4.1.1',
104 silly addNameRange     '4.1.2',
104 silly addNameRange     '4.1.3',
104 silly addNameRange     '4.1.4',
104 silly addNameRange     '4.1.5',
104 silly addNameRange     '4.1.6',
104 silly addNameRange     '4.1.7',
104 silly addNameRange     '4.1.8',
104 silly addNameRange     '4.1.9',
104 silly addNameRange     '4.1.10',
104 silly addNameRange     '4.1.11',
104 silly addNameRange     '4.2.0',
104 silly addNameRange     '4.2.1',
104 silly addNameRange     '4.2.2',
104 silly addNameRange     '4.2.3',
104 silly addNameRange     '5.0.0',
104 silly addNameRange     '5.0.1',
104 silly addNameRange     '5.0.2',
104 silly addNameRange     '5.0.3',
104 silly addNameRange     '5.0.4',
104 silly addNameRange     '5.0.5',
104 silly addNameRange     '5.0.6',
104 silly addNameRange     '5.0.7',
104 silly addNameRange     '5.0.8',
104 silly addNameRange     '5.1.0',
104 silly addNameRange     '5.1.1',
104 silly addNameRange     '5.2.0',
104 silly addNameRange     '5.2.1',
104 silly addNameRange     '5.3.0',
104 silly addNameRange     '5.4.0',
104 silly addNameRange     '5.4.1',
104 silly addNameRange     '5.4.2',
104 silly addNameRange     '5.5.0',
104 silly addNameRange     '5.6.0',
104 silly addNameRange     '5.6.1',
104 silly addNameRange     '5.7.0',
104 silly addNameRange     '5.8.0',
104 silly addNameRange     '5.9.0',
104 silly addNameRange     '5.9.1',
104 silly addNameRange     '5.9.2',
104 silly addNameRange     '5.9.3',
104 silly addNameRange     '5.10.0',
104 silly addNameRange     '5.10.1',
104 silly addNameRange     '5.11.0',
104 silly addNameRange     '5.11.1',
104 silly addNameRange     '5.11.2',
104 silly addNameRange     '5.12.0',
104 silly addNameRange     '5.12.1',
104 silly addNameRange     '5.12.2',
104 silly addNameRange     '5.13.0',
104 silly addNameRange     '5.13.1',
104 silly addNameRange     '6.0.0',
104 silly addNameRange     '6.0.1',
104 silly addNameRange     '6.0.2',
104 silly addNameRange     '6.0.3',
104 silly addNameRange     '6.1.0',
104 silly addNameRange     '6.1.1',
104 silly addNameRange     '6.1.2',
104 silly addNameRange     '6.2.0' ] ]
105 verbose addNamed [ 'browserify', '6.2.0' ]
106 verbose addNamed [ '6.2.0', '6.2.0' ]
107 silly lockFile cfff24d1-browserify-6-2-0 browserify@6.2.0
108 verbose lock browserify@6.2.0 /Users/jamesferguson/.npm/cfff24d1-browserify-6-2-0.lock
109 silly lockFile cfff24d1-browserify-6-2-0 browserify@6.2.0
110 silly lockFile cfff24d1-browserify-6-2-0 browserify@6.2.0
111 silly lockFile 306ae079-browserify-6-2-0 browserify@^6.2.0
112 silly lockFile 306ae079-browserify-6-2-0 browserify@^6.2.0
113 error network getaddrinfo ENOTFOUND
113 error network This is most likely not a problem with npm itself
113 error network and is related to network connectivity.
113 error network In most cases you are behind a proxy or have bad network settings.
113 error network
113 error network If you are behind a proxy, please make sure that the
113 error network 'proxy' config is set properly.  See: 'npm help config'
114 error System Darwin 14.0.0
115 error command "/usr/local/bin/node" "/usr/local/bin/npm" "install" "0g" "browserify" "watchify"
116 error cwd /Users/jamesferguson/Desktop/browserify-seed
117 error node -v v0.10.32
118 error npm -v 1.4.28
119 error syscall getaddrinfo
120 error code ENOTFOUND
121 error errno ENOTFOUND
122 verbose exit [ 1, true ]
